============================= test session starts ==============================
platform linux -- Python 3.13.5, pytest-9.0.2, pluggy-1.6.0 -- /opt/pyvenv/bin/python3
cachedir: .pytest_cache
metadata: {'Python': '3.13.5', 'Platform': 'Linux-6.12.13-x86_64-with-glibc2.41', 'Packages': {'pytest': '9.0.2', 'pluggy': '1.6.0'}, 'Plugins': {'ddtrace': '4.4.0', 'Faker': '40.1.2', 'metadata': '3.1.1', 'cov': '7.0.0', 'anyio': '4.13.0', 'asyncio': '1.3.0', 'json-report': '1.5.0'}, 'PLATFORM': 'linux/amd64', 'CI': 'true'}
rootdir: /mnt/data/task_tracker_rework/ai-assisted-task-tracker-final-project
plugins: ddtrace-4.4.0, Faker-40.1.2, metadata-3.1.1, cov-7.0.0, anyio-4.13.0, asyncio-1.3.0, json-report-1.5.0
asyncio: mode=Mode.STRICT, debug=False, asyncio_default_fixture_loop_scope=None, asyncio_default_test_loop_scope=function
collecting ... collected 6 items

tests/test_tasks.py::test_create_task_with_due_date_and_tags PASSED      [ 16%]
tests/test_tasks.py::test_rejects_empty_tag PASSED                       [ 33%]
tests/test_tasks.py::test_overdue_filter_returns_only_open_overdue_tasks PASSED [ 50%]
tests/test_tasks.py::test_update_due_date_and_tags PASSED                [ 66%]
tests/test_tasks.py::test_filter_by_exact_tag_does_not_match_partial_tag PASSED [ 83%]
tests/test_tasks.py::test_combined_search_priority_and_tag_filters PASSED [100%]

=============================== warnings summary ===============================
tests/test_tasks.py: 21 warnings
  /opt/pyvenv/lib/python3.13/site-packages/sqlalchemy/sql/schema.py:3623: DeprecationWarning: datetime.datetime.utcnow() is deprecated and scheduled for removal in a future version. Use timezone-aware objects to represent datetimes in UTC: datetime.datetime.now(datetime.UTC).
    return util.wrap_callable(lambda ctx: fn(), fn)  # type: ignore

-- Docs: https://docs.pytest.org/en/stable/how-to/capture-warnings.html
======================== 6 passed, 21 warnings in 0.26s ========================
